[ep    1] train MSE = 3.532419e-01
[ep  500] train MSE = 2.085585e-01
[ep 1000] train MSE = 1.981512e-01
[ep 1500] train MSE = 1.921822e-01
[ep 2000] train MSE = 1.882463e-01
[ep 2500] train MSE = 1.856079e-01
[ep 3000] train MSE = 1.829918e-01
final train MSE = 0.18295040726661682
delta_fin  = 1.3245673179626465
delta_fout = 1.9047354459762573
(env) 
X1 Carbon@Laptop-tracy-carbonX1 MINGW64 /d/Upenn Courses/DL/HW3/MLP
$ python -m train.train
[ep    1] train MSE = 3.532419e-01
[ep  500] train MSE = 2.085585e-01
[ep 1000] train MSE = 1.981512e-01
[ep 1500] train MSE = 1.921822e-01
[ep 2000] train MSE = 1.882463e-01
[ep 2500] train MSE = 1.856079e-01
[ep 3000] train MSE = 1.829918e-01
final train MSE = 0.18295040726661682
delta_fin  = 1.3245673179626465
delta_fout = 1.9047354459762573
(env) 
X1 Carbon@Laptop-tracy-carbonX1 MINGW64 /d/Upenn Courses/DL/HW3/MLP
$ python -m train.train
[ep    1] train MSE = 3.532419e-01
[ep  500] train MSE = 2.085585e-01
[ep 1000] train MSE = 1.981512e-01
[ep 1500] train MSE = 1.921822e-01
[ep 2000] train MSE = 1.882463e-01
[ep 2500] train MSE = 1.856079e-01
[ep 3000] train MSE = 1.829918e-01
[ep 3500] train MSE = 1.811193e-01
[ep 4000] train MSE = 1.793172e-01
[ep 4500] train MSE = 1.773247e-01
[ep 5000] train MSE = 1.752142e-01
[ep 5500] train MSE = 1.713332e-01
[ep 6000] train MSE = 1.693719e-01
[ep 6500] train MSE = 1.689374e-01
[ep 7000] train MSE = 1.671296e-01
[ep 7500] train MSE = 1.648740e-01
[ep 8000] train MSE = 1.632555e-01
[ep 8500] train MSE = 1.613311e-01
[ep 9000] train MSE = 1.594171e-01
[ep 9500] train MSE = 1.578232e-01
[ep 10000] train MSE = 1.560698e-01
final train MSE = 0.1562245935201645
delta_fin  = 1.3168810606002808
delta_fout = 2.0103976726531982
(env) 
X1 Carbon@Laptop-tracy-carbonX1 MINGW64 /d/Upenn Courses/DL/HW3/MLP
$ python -m train.train
[ep    1] train MSE = 3.532419e-01
[ep  500] train MSE = 2.085585e-01
[ep 1000] train MSE = 1.981512e-01
[ep 1500] train MSE = 1.921822e-01
[ep 2000] train MSE = 1.882463e-01
[ep 2500] train MSE = 1.856079e-01
[ep 3000] train MSE = 1.829918e-01
[ep 3500] train MSE = 1.811193e-01
[ep 4000] train MSE = 1.793172e-01
[ep 4500] train MSE = 1.773247e-01
[ep 5000] train MSE = 1.752142e-01
[ep 5500] train MSE = 1.713332e-01
[ep 6000] train MSE = 1.693719e-01
[ep 6500] train MSE = 1.689374e-01
[ep 7000] train MSE = 1.671296e-01
[ep 7500] train MSE = 1.648740e-01
[ep 8000] train MSE = 1.632555e-01
[ep 8500] train MSE = 1.613311e-01
[ep 9000] train MSE = 1.594171e-01
[ep 9500] train MSE = 1.578232e-01
[ep 10000] train MSE = 1.560698e-01
[ep 10500] train MSE = 1.549610e-01
[ep 11000] train MSE = 1.521400e-01
[ep 11500] train MSE = 1.504295e-01
[ep 12000] train MSE = 1.506975e-01
[ep 12500] train MSE = 1.479481e-01
[ep 13000] train MSE = 1.471235e-01
[ep 13500] train MSE = 1.464247e-01
[ep 14000] train MSE = 1.437073e-01
[ep 14500] train MSE = 1.428344e-01
[ep 15000] train MSE = 1.414602e-01
[ep 15500] train MSE = 1.401528e-01
[ep 16000] train MSE = 1.389633e-01
[ep 16500] train MSE = 1.365792e-01
[ep 17000] train MSE = 1.360476e-01
[ep 17500] train MSE = 1.340076e-01
[ep 18000] train MSE = 1.321800e-01
[ep 18500] train MSE = 1.326685e-01
[ep 19000] train MSE = 1.290487e-01
[ep 19500] train MSE = 1.294684e-01
[ep 20000] train MSE = 1.278040e-01
[ep 20500] train MSE = 1.283389e-01
[ep 21000] train MSE = 1.247530e-01
[ep 21500] train MSE = 1.213017e-01
[ep 22000] train MSE = 1.240061e-01
[ep 22500] train MSE = 1.210108e-01
[ep 23000] train MSE = 1.276813e-01
[ep 23500] train MSE = 1.197211e-01
[ep 24000] train MSE = 1.206218e-01
[ep 24500] train MSE = 1.177448e-01
[ep 25000] train MSE = 1.108569e-01
[ep 25500] train MSE = 1.196275e-01
[ep 26000] train MSE = 1.148729e-01
[ep 26500] train MSE = 1.131901e-01
[ep 27000] train MSE = 1.105519e-01
[ep 27500] train MSE = 1.175201e-01
[ep 28000] train MSE = 1.112215e-01
[ep 28500] train MSE = 1.094544e-01
[ep 29000] train MSE = 1.138549e-01
[ep 29500] train MSE = 1.120569e-01
[ep 30000] train MSE = 1.031423e-01
[ep 30500] train MSE = 1.034430e-01
[ep 31000] train MSE = 1.188001e-01
[ep 31500] train MSE = 1.016849e-01
[ep 32000] train MSE = 1.030256e-01
[ep 32500] train MSE = 1.049427e-01
[ep 33000] train MSE = 1.024725e-01
[ep 33500] train MSE = 1.028512e-01
[ep 34000] train MSE = 1.044883e-01
[ep 34500] train MSE = 1.043587e-01
[ep 35000] train MSE = 9.807787e-02
[ep 35500] train MSE = 9.729960e-02
[ep 36000] train MSE = 9.883055e-02
[ep 36500] train MSE = 9.745415e-02
[ep 37000] train MSE = 9.568430e-02
[ep 37500] train MSE = 9.915993e-02
[ep 38000] train MSE = 1.121020e-01
[ep 38500] train MSE = 9.866001e-02
[ep 39000] train MSE = 1.007420e-01
[ep 39500] train MSE = 9.397530e-02
[ep 40000] train MSE = 9.335206e-02
[ep 40500] train MSE = 9.260247e-02
[ep 41000] train MSE = 9.242931e-02
[ep 41500] train MSE = 9.276094e-02
[ep 42000] train MSE = 9.100553e-02
[ep 42500] train MSE = 9.112439e-02
[ep 43000] train MSE = 9.648006e-02
[ep 43500] train MSE = 8.933906e-02
[ep 44000] train MSE = 9.178795e-02
[ep 44500] train MSE = 9.002326e-02
[ep 45000] train MSE = 8.952551e-02
[ep 45500] train MSE = 8.860508e-02
[ep 46000] train MSE = 9.300229e-02
[ep 46500] train MSE = 8.966850e-02
[ep 47000] train MSE = 8.791655e-02
[ep 47500] train MSE = 8.792151e-02
[ep 48000] train MSE = 8.768181e-02
[ep 48500] train MSE = 9.021562e-02
[ep 49000] train MSE = 8.728743e-02
[ep 49500] train MSE = 8.683913e-02
[ep 50000] train MSE = 8.628304e-02
[ep 50500] train MSE = 8.559949e-02
[ep 51000] train MSE = 8.592214e-02
[ep 51500] train MSE = 9.014807e-02
[ep 52000] train MSE = 8.582187e-02
[ep 52500] train MSE = 8.601096e-02
[ep 53000] train MSE = 8.426479e-02
[ep 53500] train MSE = 8.546823e-02
[ep 54000] train MSE = 8.343874e-02
[ep 54500] train MSE = 8.553791e-02
[ep 55000] train MSE = 8.717540e-02
[ep 55500] train MSE = 8.519086e-02
[ep 56000] train MSE = 8.362340e-02
[ep 56500] train MSE = 8.754465e-02
[ep 57000] train MSE = 8.222756e-02
[ep 57500] train MSE = 8.309888e-02
[ep 58000] train MSE = 8.595292e-02
[ep 58500] train MSE = 8.500876e-02
[ep 59000] train MSE = 8.233410e-02
[ep 59500] train MSE = 8.058140e-02
[ep 60000] train MSE = 8.181390e-02
[ep 60500] train MSE = 8.166110e-02
[ep 61000] train MSE = 7.989356e-02
[ep 61500] train MSE = 8.058681e-02
[ep 62000] train MSE = 8.196885e-02
[ep 62500] train MSE = 8.141734e-02
[ep 63000] train MSE = 8.028454e-02
[ep 63500] train MSE = 7.996956e-02
[ep 64000] train MSE = 7.836778e-02
[ep 64500] train MSE = 8.097839e-02
[ep 65000] train MSE = 8.112282e-02
[ep 65500] train MSE = 7.951158e-02
[ep 66000] train MSE = 7.900746e-02
[ep 66500] train MSE = 7.868944e-02
[ep 67000] train MSE = 7.614064e-02
[ep 67500] train MSE = 8.037056e-02
[ep 68000] train MSE = 7.885208e-02
[ep 68500] train MSE = 7.728431e-02
[ep 69000] train MSE = 7.784086e-02
[ep 69500] train MSE = 7.703438e-02
[ep 70000] train MSE = 7.749504e-02
[ep 70500] train MSE = 7.612929e-02
[ep 71000] train MSE = 7.895377e-02
[ep 71500] train MSE = 7.749494e-02
[ep 72000] train MSE = 7.514324e-02
[ep 72500] train MSE = 7.555956e-02
[ep 73000] train MSE = 8.097203e-02
[ep 73500] train MSE = 7.611051e-02
[ep 74000] train MSE = 7.575348e-02
[ep 74500] train MSE = 7.374916e-02
[ep 75000] train MSE = 8.316204e-02
[ep 75500] train MSE = 7.601562e-02
[ep 76000] train MSE = 7.297910e-02
[ep 76500] train MSE = 7.696430e-02
[ep 77000] train MSE = 7.549088e-02
[ep 77500] train MSE = 7.296503e-02
[ep 78000] train MSE = 7.560724e-02
[ep 78500] train MSE = 7.245630e-02
[ep 79000] train MSE = 7.252509e-02
[ep 79500] train MSE = 7.225054e-02
[ep 80000] train MSE = 7.259636e-02
[ep 80500] train MSE = 7.337123e-02
[ep 81000] train MSE = 7.357427e-02
[ep 81500] train MSE = 7.326809e-02
[ep 82000] train MSE = 7.312374e-02
[ep 82500] train MSE = 7.292753e-02
[ep 83000] train MSE = 7.303093e-02
[ep 83500] train MSE = 7.372016e-02
[ep 84000] train MSE = 7.286623e-02
[ep 84500] train MSE = 7.249194e-02
[ep 85000] train MSE = 7.373758e-02
[ep 85500] train MSE = 7.217601e-02
[ep 86000] train MSE = 7.257478e-02
[ep 86500] train MSE = 7.264772e-02
[ep 87000] train MSE = 7.233443e-02
[ep 87500] train MSE = 7.318169e-02
[ep 88000] train MSE = 7.199920e-02
[ep 88500] train MSE = 7.198391e-02
[ep 89000] train MSE = 7.193810e-02
[ep 89500] train MSE = 7.087469e-02
[ep 90000] train MSE = 7.108566e-02
[ep 90500] train MSE = 7.110544e-02
[ep 91000] train MSE = 7.347132e-02
[ep 91500] train MSE = 7.251054e-02
[ep 92000] train MSE = 7.219384e-02
[ep 92500] train MSE = 7.078430e-02
[ep 93000] train MSE = 7.165290e-02
[ep 93500] train MSE = 7.266615e-02
[ep 94000] train MSE = 7.009760e-02
[ep 94500] train MSE = 6.936064e-02
[ep 95000] train MSE = 7.036582e-02
[ep 95500] train MSE = 7.020389e-02
[ep 96000] train MSE = 7.046805e-02
[ep 96500] train MSE = 7.142293e-02
[ep 97000] train MSE = 7.050210e-02
[ep 97500] train MSE = 7.020004e-02
[ep 98000] train MSE = 7.055015e-02
[ep 98500] train MSE = 7.121576e-02
[ep 99000] train MSE = 7.049450e-02
[ep 99500] train MSE = 7.027046e-02
[ep 100000] train MSE = 7.055707e-02
final train MSE = 0.07040628790855408
delta_fin  = 2.8818233013153076
delta_fout = 3.843522548675537

[ep 298500] lr=2.000e-03  train MSE = 9.484638e-03